D:\GitProject\SmartSword\SmartSword\Debug\mfc_com.exe
D:\GitProject\SmartSword\SmartSword\Debug\mfc_com.ilk
D:\GitProject\SmartSword\SmartSword\Debug\mfc_com.pdb
D:\GitProject\SmartSword\SmartSword\mfc_com\Debug\cl.command.1.tlog
D:\GitProject\SmartSword\SmartSword\mfc_com\Debug\CL.read.1.tlog
D:\GitProject\SmartSword\SmartSword\mfc_com\Debug\CL.write.1.tlog
D:\GitProject\SmartSword\SmartSword\mfc_com\Debug\ClassView.obj
D:\GitProject\SmartSword\SmartSword\mfc_com\Debug\CommTest.obj
D:\GitProject\SmartSword\SmartSword\mfc_com\Debug\CvvImage.obj
D:\GitProject\SmartSword\SmartSword\mfc_com\Debug\FileView.obj
D:\GitProject\SmartSword\SmartSword\mfc_com\Debug\link.command.1.tlog
D:\GitProject\SmartSword\SmartSword\mfc_com\Debug\link.read.1.tlog
D:\GitProject\SmartSword\SmartSword\mfc_com\Debug\link.write.1.tlog
D:\GitProject\SmartSword\SmartSword\mfc_com\Debug\link-cvtres.read.1.tlog
D:\GitProject\SmartSword\SmartSword\mfc_com\Debug\link-cvtres.write.1.tlog
D:\GitProject\SmartSword\SmartSword\mfc_com\Debug\MainFrm.obj
D:\GitProject\SmartSword\SmartSword\mfc_com\Debug\mfc_com.exe.embed.manifest
D:\GitProject\SmartSword\SmartSword\mfc_com\Debug\mfc_com.exe.embed.manifest.res
D:\GitProject\SmartSword\SmartSword\mfc_com\Debug\mfc_com.exe.intermediate.manifest
D:\GitProject\SmartSword\SmartSword\mfc_com\Debug\mfc_com.obj
D:\GitProject\SmartSword\SmartSword\mfc_com\Debug\mfc_com.pch
D:\GitProject\SmartSword\SmartSword\mfc_com\Debug\mfc_com.res
D:\GitProject\SmartSword\SmartSword\mfc_com\Debug\mfc_com.write.1.tlog
D:\GitProject\SmartSword\SmartSword\mfc_com\Debug\mfc_com_manifest.rc
D:\GitProject\SmartSword\SmartSword\mfc_com\Debug\mfc_comDoc.obj
D:\GitProject\SmartSword\SmartSword\mfc_com\Debug\mfc_comView.obj
D:\GitProject\SmartSword\SmartSword\mfc_com\Debug\mscomm1.obj
D:\GitProject\SmartSword\SmartSword\mfc_com\Debug\mt.command.1.tlog
D:\GitProject\SmartSword\SmartSword\mfc_com\Debug\mt.read.1.tlog
D:\GitProject\SmartSword\SmartSword\mfc_com\Debug\mt.write.1.tlog
D:\GitProject\SmartSword\SmartSword\mfc_com\Debug\OpenGL.obj
D:\GitProject\SmartSword\SmartSword\mfc_com\Debug\OutputWnd.obj
D:\GitProject\SmartSword\SmartSword\mfc_com\Debug\PropertiesWnd.obj
D:\GitProject\SmartSword\SmartSword\mfc_com\Debug\rc.command.1.tlog
D:\GitProject\SmartSword\SmartSword\mfc_com\Debug\rc.read.1.tlog
D:\GitProject\SmartSword\SmartSword\mfc_com\Debug\rc.write.1.tlog
D:\GitProject\SmartSword\SmartSword\mfc_com\Debug\stdafx.obj
D:\GitProject\SmartSword\SmartSword\mfc_com\Debug\vc100.idb
D:\GitProject\SmartSword\SmartSword\mfc_com\Debug\vc100.pdb
D:\GitProject\SmartSword\SmartSword\mfc_com\Debug\ViewTree.obj
D:\李翔\资料\C PROGRAM\MFC_COM备份\MFC_COM-2015-11-18B\MFC_COM\DEBUG\MFC_COM.EXE
D:\李翔\资料\C PROGRAM\MFC_COM备份\MFC_COM-2015-11-18B\MFC_COM\DEBUG\MFC_COM.ILK
D:\李翔\资料\C PROGRAM\MFC_COM备份\MFC_COM-2015-11-18B\MFC_COM\DEBUG\MFC_COM.PDB
D:\李翔\资料\C PROGRAM\MFC_COM备份\MFC_COM-2015-11-18B\MFC_COM\MFC_COM\DEBUG\CLASSVIEW.OBJ
D:\李翔\资料\C PROGRAM\MFC_COM备份\MFC_COM-2015-11-18B\MFC_COM\MFC_COM\DEBUG\COMMTEST.OBJ
D:\李翔\资料\C PROGRAM\MFC_COM备份\MFC_COM-2015-11-18B\MFC_COM\MFC_COM\DEBUG\CVVIMAGE.OBJ
D:\李翔\资料\C PROGRAM\MFC_COM备份\MFC_COM-2015-11-18B\MFC_COM\MFC_COM\DEBUG\FILEVIEW.OBJ
D:\李翔\资料\C PROGRAM\MFC_COM备份\MFC_COM-2015-11-18B\MFC_COM\MFC_COM\DEBUG\MAINFRM.OBJ
D:\李翔\资料\C PROGRAM\MFC_COM备份\MFC_COM-2015-11-18B\MFC_COM\MFC_COM\DEBUG\MFC_COM.EXE.EMBED.MANIFEST
D:\李翔\资料\C PROGRAM\MFC_COM备份\MFC_COM-2015-11-18B\MFC_COM\MFC_COM\DEBUG\MFC_COM.EXE.EMBED.MANIFEST.RES
D:\李翔\资料\C PROGRAM\MFC_COM备份\MFC_COM-2015-11-18B\MFC_COM\MFC_COM\DEBUG\MFC_COM.EXE.INTERMEDIATE.MANIFEST
D:\李翔\资料\C PROGRAM\MFC_COM备份\MFC_COM-2015-11-18B\MFC_COM\MFC_COM\DEBUG\MFC_COM.OBJ
D:\李翔\资料\C PROGRAM\MFC_COM备份\MFC_COM-2015-11-18B\MFC_COM\MFC_COM\DEBUG\MFC_COM.PCH
D:\李翔\资料\C PROGRAM\MFC_COM备份\MFC_COM-2015-11-18B\MFC_COM\MFC_COM\DEBUG\MFC_COM.RES
D:\李翔\资料\C PROGRAM\MFC_COM备份\MFC_COM-2015-11-18B\MFC_COM\MFC_COM\DEBUG\MFC_COMDOC.OBJ
D:\李翔\资料\C PROGRAM\MFC_COM备份\MFC_COM-2015-11-18B\MFC_COM\MFC_COM\DEBUG\MFC_COMVIEW.OBJ
D:\李翔\资料\C PROGRAM\MFC_COM备份\MFC_COM-2015-11-18B\MFC_COM\MFC_COM\DEBUG\MSCOMM1.OBJ
D:\李翔\资料\C PROGRAM\MFC_COM备份\MFC_COM-2015-11-18B\MFC_COM\MFC_COM\DEBUG\OPENGL.OBJ
D:\李翔\资料\C PROGRAM\MFC_COM备份\MFC_COM-2015-11-18B\MFC_COM\MFC_COM\DEBUG\OUTPUTWND.OBJ
D:\李翔\资料\C PROGRAM\MFC_COM备份\MFC_COM-2015-11-18B\MFC_COM\MFC_COM\DEBUG\PROPERTIESWND.OBJ
D:\李翔\资料\C PROGRAM\MFC_COM备份\MFC_COM-2015-11-18B\MFC_COM\MFC_COM\DEBUG\STDAFX.OBJ
D:\李翔\资料\C PROGRAM\MFC_COM备份\MFC_COM-2015-11-18B\MFC_COM\MFC_COM\DEBUG\VC100.PDB
D:\李翔\资料\C PROGRAM\MFC_COM备份\MFC_COM-2015-11-18B\MFC_COM\MFC_COM\DEBUG\VIEWTREE.OBJ
